#
# A fatal error has been detected by the Java Runtime Environment:
#
#  Internal Error (safepoint.cpp:919), pid=66370, tid=36871
#  fatal error: Illegal threadstate encountered: 4
#
# JRE version: Java(TM) SE Runtime Environment 18.9 (11.0.9+7) (build 11.0.9+7-LTS)
# Java VM: Java HotSpot(TM) 64-Bit Server VM 18.9 (11.0.9+7-LTS, mixed mode, tiered, compressed oops, g1 gc, bsd-amd64)
# No core dump will be written. Core dumps have been disabled. To enable core dumping, try "ulimit -c unlimited" before starting Java again
#
# If you would like to submit a bug report, please visit:
#   https://bugreport.java.com/bugreport/crash.jsp
# The crash happened outside the Java Virtual Machine in native code.
# See problematic frame for where to report the bug.
#

---------------  S U M M A R Y ------------

Command Line: -javaagent:/Users/fspiri/Library/Application Support/JetBrains/Toolbox/apps/IDEA-U/ch-0/213.5744.223/IntelliJ IDEA.app/Contents/lib/idea_rt.jar=53992:/Users/fspiri/Library/Application Support/JetBrains/Toolbox/apps/IDEA-U/ch-0/213.5744.223/IntelliJ IDEA.app/Contents/bin -Dfile.encoding=UTF-8 --module-path=/Users/fspiri/.m2/repository/org/openjfx/javafx-controls/17.0.0.1/javafx-controls-17.0.0.1-mac.jar:/Users/fspiri/.m2/repository/org/openjfx/javafx-graphics/17.0.0.1/javafx-graphics-17.0.0.1-mac.jar:/Users/fspiri/.m2/repository/org/openjfx/javafx-base/17.0.0.1/javafx-base-17.0.0.1-mac.jar:/Users/fspiri/.m2/repository/org/ejml/ejml-all/0.41/ejml-all-0.41.jar:/Users/fspiri/Documents/Io/ProgettiFF/experiment01/target/classes -Djdk.module.main=org.experiment org.experiment/org.experiment.App

Host: MacBookPro16,3 x86_64 1400 MHz, 8 cores, 8G, Darwin 21.2.0
Time: Sat Jan 22 20:14:02 2022 CET elapsed time: 0.481088 seconds (0d 0h 0m 0s)

---------------  T H R E A D  ---------------

Current thread (0x00007f8c69813800):  JavaThread "InvokeLaterDispatcher" daemon [_thread_in_native, id=36871, stack(0x00007000036f0000,0x00007000037f0000)]

Stack: [0x00007000036f0000,0x00007000037f0000],  sp=0x00007000037ee270,  free space=1016k
Native frames: (J=compiled Java code, A=aot compiled Java code, j=interpreted, Vv=VM code, C=native code)
V  [libjvm.dylib+0x793fb2]  _ZN7VMError14report_and_dieEiPKcS1_P13__va_list_tagP6ThreadPhPvS7_S1_im+0x63c
V  [libjvm.dylib+0x794635]  _ZN7VMError14report_and_dieEP6ThreadPvPKciS4_S4_P13__va_list_tag+0x47
V  [libjvm.dylib+0x2656f2]  _Z12report_fatalPKciS0_z+0xb5
V  [libjvm.dylib+0x6b3225]  _ZN20SafepointSynchronize5blockEP10JavaThread+0x1cf
V  [libjvm.dylib+0x742e4e]  _ZN10JavaThread44check_safepoint_and_suspend_for_native_transEPS_+0xaa
V  [libjvm.dylib+0x3d8548]  jni_DeleteGlobalRef+0x93
C  [libglass.dylib+0x82e8]  -[GlassRunnable dealloc]+0x28
C  [Foundation+0x80e9b]  -[_NSThreadPerformInfo dealloc]+0x2a
C  [Foundation+0x4dcc7]  -[NSObject(NSThreadPerformAdditions) performSelectorOnMainThread:withObject:waitUntilDone:]+0x7c
j  com.sun.glass.ui.mac.MacApplication._submitForLaterInvocation(Ljava/lang/Runnable;)V+0 javafx.graphics
j  com.sun.glass.ui.mac.MacApplication.submitForLaterInvocation(Ljava/lang/Runnable;)V+2 javafx.graphics
j  com.sun.glass.ui.InvokeLaterDispatcher.run()V+82 javafx.graphics
v  ~StubRoutines::call_stub
V  [libjvm.dylib+0x39cfa8]  _ZN9JavaCalls11call_helperEP9JavaValueRK12methodHandleP17JavaCallArgumentsP6Thread+0x21c
V  [libjvm.dylib+0x39c40c]  _ZN9JavaCalls12call_virtualEP9JavaValueP5KlassP6SymbolS5_P17JavaCallArgumentsP6Thread+0xee
V  [libjvm.dylib+0x39c4c8]  _ZN9JavaCalls12call_virtualEP9JavaValue6HandleP5KlassP6SymbolS6_P6Thread+0x62
V  [libjvm.dylib+0x4213bc]  _ZL12thread_entryP10JavaThreadP6Thread+0x78
V  [libjvm.dylib+0x741854]  _ZN10JavaThread17thread_main_innerEv+0x82
V  [libjvm.dylib+0x74169e]  _ZN10JavaThread3runEv+0x174
V  [libjvm.dylib+0x73f4d8]  _ZN6Thread8call_runEv+0x68
V  [libjvm.dylib+0x643777]  _ZL19thread_native_entryP6Thread+0x139
C  [libsystem_pthread.dylib+0x64f4]  _pthread_start+0x7d
C  [libsystem_pthread.dylib+0x200f]  thread_start+0xf

Java frames: (J=compiled Java code, j=interpreted, Vv=VM code)
j  com.sun.glass.ui.mac.MacApplication._submitForLaterInvocation(Ljava/lang/Runnable;)V+0 javafx.graphics
j  com.sun.glass.ui.mac.MacApplication.submitForLaterInvocation(Ljava/lang/Runnable;)V+2 javafx.graphics
j  com.sun.glass.ui.InvokeLaterDispatcher.run()V+82 javafx.graphics
v  ~StubRoutines::call_stub

---------------  P R O C E S S  ---------------

Threads class SMR info:
_java_thread_list=0x00006000016b7ae0, length=13, elements={
0x00007f8c67809000, 0x00007f8c69019800, 0x00007f8c6901e800, 0x00007f8c6884e000,
0x00007f8c68851000, 0x00007f8c68852000, 0x00007f8c68852800, 0x00007f8c688bb800,
0x00007f8c688fc000, 0x00007f8c688ff800, 0x00007f8c6c077000, 0x00007f8c69813800,
0x00007f8c6c081000
}

Java Threads: ( => current thread )
  0x00007f8c67809000 JavaThread "main" [_thread_blocked, id=9475, stack(0x00007000023b4000,0x00007000024b4000)]
  0x00007f8c69019800 JavaThread "Reference Handler" daemon [_thread_blocked, id=18179, stack(0x0000700002ac9000,0x0000700002bc9000)]
  0x00007f8c6901e800 JavaThread "Finalizer" daemon [_thread_blocked, id=13571, stack(0x0000700002bcc000,0x0000700002ccc000)]
  0x00007f8c6884e000 JavaThread "Signal Dispatcher" daemon [_thread_blocked, id=15619, stack(0x0000700002dd5000,0x0000700002ed5000)]
  0x00007f8c68851000 JavaThread "C2 CompilerThread0" daemon [_thread_in_native, id=21763, stack(0x0000700002ed8000,0x0000700002fd8000)]
  0x00007f8c68852000 JavaThread "C1 CompilerThread0" daemon [_thread_in_vm, id=22019, stack(0x0000700002fdb000,0x00007000030db000)]
  0x00007f8c68852800 JavaThread "Sweeper thread" daemon [_thread_blocked, id=22275, stack(0x00007000030de000,0x00007000031de000)]
  0x00007f8c688bb800 JavaThread "Common-Cleaner" daemon [_thread_blocked, id=22531, stack(0x00007000031e1000,0x00007000032e1000)]
  0x00007f8c688fc000 JavaThread "Monitor Ctrl-Break" daemon [_thread_in_native, id=23299, stack(0x00007000032e4000,0x00007000033e4000)]
  0x00007f8c688ff800 JavaThread "Service Thread" daemon [_thread_blocked, id=41475, stack(0x00007000033e7000,0x00007000034e7000)]
  0x00007f8c6c077000 JavaThread "QuantumRenderer-0" daemon [_thread_in_vm, id=40963, stack(0x00007000035ed000,0x00007000036ed000)]
=>0x00007f8c69813800 JavaThread "InvokeLaterDispatcher" daemon [_thread_in_native, id=36871, stack(0x00007000036f0000,0x00007000037f0000)]
  0x00007f8c6c081000 JavaThread "JavaFX Application Thread" [_thread_blocked, id=259, stack(0x00007ff7b4b58000,0x00007ff7b5358000)]

Other Threads:
  0x00007f8c66814000 VMThread "VM Thread" [stack: 0x00007000029c6000,0x0000700002ac6000] [id=18947]
  0x00007f8c6b01d800 WatcherThread [stack: 0x00007000034ea000,0x00007000035ea000] [id=24067]
  0x00007f8c6780a800 GCTaskThread "GC Thread#0" [stack: 0x00007000024b7000,0x00007000025b7000] [id=11779]
  0x00007f8c67836000 ConcurrentGCThread "G1 Main Marker" [stack: 0x00007000025ba000,0x00007000026ba000] [id=20995]
  0x00007f8c67836800 ConcurrentGCThread "G1 Conc#0" [stack: 0x00007000026bd000,0x00007000027bd000] [id=20227]
  0x00007f8c67897800 ConcurrentGCThread "G1 Refine#0" [stack: 0x00007000027c0000,0x00007000028c0000] [id=19715]
  0x00007f8c67898000 ConcurrentGCThread "G1 Young RemSet Sampling" [stack: 0x00007000028c3000,0x00007000029c3000] [id=12547]

Threads with active compile tasks:
C2 CompilerThread0    499  801       4       java.lang.StringBuilder::append (8 bytes)

VM state:not at safepoint (normal execution)

VM Mutex/Monitor currently owned by a thread: None

Heap address: 0x0000000780000000, size: 2048 MB, Compressed Oops mode: Zero based, Oop shift amount: 3
Narrow klass base: 0x0000000800000000, Narrow klass shift: 0
Compressed class space size: 1073741824 Address: 0x0000000800000000

Heap:
 garbage-first heap   total 131072K, used 14336K [0x0000000780000000, 0x0000000800000000)
  region size 1024K, 15 young (15360K), 0 survivors (0K)
 Metaspace       used 10479K, capacity 10774K, committed 11008K, reserved 1058816K
  class space    used 1062K, capacity 1193K, committed 1280K, reserved 1048576K
Heap Regions: E=young(eden), S=young(survivor), O=old, HS=humongous(starts), HC=humongous(continues), CS=collection set, F=free, A=archive, TAMS=top-at-mark-start (previous, next)
|   0|0x0000000780000000, 0x0000000780000000, 0x0000000780100000|  0%| F|  |TAMS 0x0000000780000000, 0x0000000780000000| Untracked 
|   1|0x0000000780100000, 0x0000000780100000, 0x0000000780200000|  0%| F|  |TAMS 0x0000000780100000, 0x0000000780100000| Untracked 
|   2|0x0000000780200000, 0x0000000780200000, 0x0000000780300000|  0%| F|  |TAMS 0x0000000780200000, 0x0000000780200000| Untracked 
|   3|0x0000000780300000, 0x0000000780300000, 0x0000000780400000|  0%| F|  |TAMS 0x0000000780300000, 0x0000000780300000| Untracked 
|   4|0x0000000780400000, 0x0000000780400000, 0x0000000780500000|  0%| F|  |TAMS 0x0000000780400000, 0x0000000780400000| Untracked 
|   5|0x0000000780500000, 0x0000000780500000, 0x0000000780600000|  0%| F|  |TAMS 0x0000000780500000, 0x0000000780500000| Untracked 
|   6|0x0000000780600000, 0x0000000780600000, 0x0000000780700000|  0%| F|  |TAMS 0x0000000780600000, 0x0000000780600000| Untracked 
|   7|0x0000000780700000, 0x0000000780700000, 0x0000000780800000|  0%| F|  |TAMS 0x0000000780700000, 0x0000000780700000| Untracked 
|   8|0x0000000780800000, 0x0000000780800000, 0x0000000780900000|  0%| F|  |TAMS 0x0000000780800000, 0x0000000780800000| Untracked 
|   9|0x0000000780900000, 0x0000000780900000, 0x0000000780a00000|  0%| F|  |TAMS 0x0000000780900000, 0x0000000780900000| Untracked 
|  10|0x0000000780a00000, 0x0000000780a00000, 0x0000000780b00000|  0%| F|  |TAMS 0x0000000780a00000, 0x0000000780a00000| Untracked 
|  11|0x0000000780b00000, 0x0000000780b00000, 0x0000000780c00000|  0%| F|  |TAMS 0x0000000780b00000, 0x0000000780b00000| Untracked 
|  12|0x0000000780c00000, 0x0000000780c00000, 0x0000000780d00000|  0%| F|  |TAMS 0x0000000780c00000, 0x0000000780c00000| Untracked 
|  13|0x0000000780d00000, 0x0000000780d00000, 0x0000000780e00000|  0%| F|  |TAMS 0x0000000780d00000, 0x0000000780d00000| Untracked 
|  14|0x0000000780e00000, 0x0000000780e00000, 0x0000000780f00000|  0%| F|  |TAMS 0x0000000780e00000, 0x0000000780e00000| Untracked 
|  15|0x0000000780f00000, 0x0000000780f00000, 0x0000000781000000|  0%| F|  |TAMS 0x0000000780f00000, 0x0000000780f00000| Untracked 
|  16|0x0000000781000000, 0x0000000781000000, 0x0000000781100000|  0%| F|  |TAMS 0x0000000781000000, 0x0000000781000000| Untracked 
|  17|0x0000000781100000, 0x0000000781100000, 0x0000000781200000|  0%| F|  |TAMS 0x0000000781100000, 0x0000000781100000| Untracked 
|  18|0x0000000781200000, 0x0000000781200000, 0x0000000781300000|  0%| F|  |TAMS 0x0000000781200000, 0x0000000781200000| Untracked 
|  19|0x0000000781300000, 0x0000000781300000, 0x0000000781400000|  0%| F|  |TAMS 0x0000000781300000, 0x0000000781300000| Untracked 
|  20|0x0000000781400000, 0x0000000781400000, 0x0000000781500000|  0%| F|  |TAMS 0x0000000781400000, 0x0000000781400000| Untracked 
|  21|0x0000000781500000, 0x0000000781500000, 0x0000000781600000|  0%| F|  |TAMS 0x0000000781500000, 0x0000000781500000| Untracked 
|  22|0x0000000781600000, 0x0000000781600000, 0x0000000781700000|  0%| F|  |TAMS 0x0000000781600000, 0x0000000781600000| Untracked 
|  23|0x0000000781700000, 0x0000000781700000, 0x0000000781800000|  0%| F|  |TAMS 0x0000000781700000, 0x0000000781700000| Untracked 
|  24|0x0000000781800000, 0x0000000781800000, 0x0000000781900000|  0%| F|  |TAMS 0x0000000781800000, 0x0000000781800000| Untracked 
|  25|0x0000000781900000, 0x0000000781900000, 0x0000000781a00000|  0%| F|  |TAMS 0x0000000781900000, 0x0000000781900000| Untracked 
|  26|0x0000000781a00000, 0x0000000781a00000, 0x0000000781b00000|  0%| F|  |TAMS 0x0000000781a00000, 0x0000000781a00000| Untracked 
|  27|0x0000000781b00000, 0x0000000781b00000, 0x0000000781c00000|  0%| F|  |TAMS 0x0000000781b00000, 0x0000000781b00000| Untracked 
|  28|0x0000000781c00000, 0x0000000781c00000, 0x0000000781d00000|  0%| F|  |TAMS 0x0000000781c00000, 0x0000000781c00000| Untracked 
|  29|0x0000000781d00000, 0x0000000781d00000, 0x0000000781e00000|  0%| F|  |TAMS 0x0000000781d00000, 0x0000000781d00000| Untracked 
|  30|0x0000000781e00000, 0x0000000781e00000, 0x0000000781f00000|  0%| F|  |TAMS 0x0000000781e00000, 0x0000000781e00000| Untracked 
|  31|0x0000000781f00000, 0x0000000781f00000, 0x0000000782000000|  0%| F|  |TAMS 0x0000000781f00000, 0x0000000781f00000| Untracked 
|  32|0x0000000782000000, 0x0000000782000000, 0x0000000782100000|  0%| F|  |TAMS 0x0000000782000000, 0x0000000782000000| Untracked 
|  33|0x0000000782100000, 0x0000000782100000, 0x0000000782200000|  0%| F|  |TAMS 0x0000000782100000, 0x0000000782100000| Untracked 
|  34|0x0000000782200000, 0x0000000782200000, 0x0000000782300000|  0%| F|  |TAMS 0x0000000782200000, 0x0000000782200000| Untracked 
|  35|0x0000000782300000, 0x0000000782300000, 0x0000000782400000|  0%| F|  |TAMS 0x0000000782300000, 0x0000000782300000| Untracked 
|  36|0x0000000782400000, 0x0000000782400000, 0x0000000782500000|  0%| F|  |TAMS 0x0000000782400000, 0x0000000782400000| Untracked 
|  37|0x0000000782500000, 0x0000000782500000, 0x0000000782600000|  0%| F|  |TAMS 0x0000000782500000, 0x0000000782500000| Untracked 
|  38|0x0000000782600000, 0x0000000782600000, 0x0000000782700000|  0%| F|  |TAMS 0x0000000782600000, 0x0000000782600000| Untracked 
|  39|0x0000000782700000, 0x0000000782700000, 0x0000000782800000|  0%| F|  |TAMS 0x0000000782700000, 0x0000000782700000| Untracked 
|  40|0x0000000782800000, 0x0000000782800000, 0x0000000782900000|  0%| F|  |TAMS 0x0000000782800000, 0x0000000782800000| Untracked 
|  41|0x0000000782900000, 0x0000000782900000, 0x0000000782a00000|  0%| F|  |TAMS 0x0000000782900000, 0x0000000782900000| Untracked 
|  42|0x0000000782a00000, 0x0000000782a00000, 0x0000000782b00000|  0%| F|  |TAMS 0x0000000782a00000, 0x0000000782a00000| Untracked 
|  43|0x0000000782b00000, 0x0000000782b00000, 0x0000000782c00000|  0%| F|  |TAMS 0x0000000782b00000, 0x0000000782b00000| Untracked 
|  44|0x0000000782c00000, 0x0000000782c00000, 0x0000000782d00000|  0%| F|  |TAMS 0x0000000782c00000, 0x0000000782c00000| Untracked 
|  45|0x0000000782d00000, 0x0000000782d00000, 0x0000000782e00000|  0%| F|  |TAMS 0x0000000782d00000, 0x0000000782d00000| Untracked 
|  46|0x0000000782e00000, 0x0000000782e00000, 0x0000000782f00000|  0%| F|  |TAMS 0x0000000782e00000, 0x0000000782e00000| Untracked 
|  47|0x0000000782f00000, 0x0000000782f00000, 0x0000000783000000|  0%| F|  |TAMS 0x0000000782f00000, 0x0000000782f00000| Untracked 
|  48|0x0000000783000000, 0x0000000783000000, 0x0000000783100000|  0%| F|  |TAMS 0x0000000783000000, 0x0000000783000000| Untracked 
|  49|0x0000000783100000, 0x0000000783100000, 0x0000000783200000|  0%| F|  |TAMS 0x0000000783100000, 0x0000000783100000| Untracked 
|  50|0x0000000783200000, 0x0000000783200000, 0x0000000783300000|  0%| F|  |TAMS 0x0000000783200000, 0x0000000783200000| Untracked 
|  51|0x0000000783300000, 0x0000000783300000, 0x0000000783400000|  0%| F|  |TAMS 0x0000000783300000, 0x0000000783300000| Untracked 
|  52|0x0000000783400000, 0x0000000783400000, 0x0000000783500000|  0%| F|  |TAMS 0x0000000783400000, 0x0000000783400000| Untracked 
|  53|0x0000000783500000, 0x0000000783500000, 0x0000000783600000|  0%| F|  |TAMS 0x0000000783500000, 0x0000000783500000| Untracked 
|  54|0x0000000783600000, 0x0000000783600000, 0x0000000783700000|  0%| F|  |TAMS 0x0000000783600000, 0x0000000783600000| Untracked 
|  55|0x0000000783700000, 0x0000000783700000, 0x0000000783800000|  0%| F|  |TAMS 0x0000000783700000, 0x0000000783700000| Untracked 
|  56|0x0000000783800000, 0x0000000783800000, 0x0000000783900000|  0%| F|  |TAMS 0x0000000783800000, 0x0000000783800000| Untracked 
|  57|0x0000000783900000, 0x0000000783900000, 0x0000000783a00000|  0%| F|  |TAMS 0x0000000783900000, 0x0000000783900000| Untracked 
|  58|0x0000000783a00000, 0x0000000783a00000, 0x0000000783b00000|  0%| F|  |TAMS 0x0000000783a00000, 0x0000000783a00000| Untracked 
|  59|0x0000000783b00000, 0x0000000783b00000, 0x0000000783c00000|  0%| F|  |TAMS 0x0000000783b00000, 0x0000000783b00000| Untracked 
|  60|0x0000000783c00000, 0x0000000783c00000, 0x0000000783d00000|  0%| F|  |TAMS 0x0000000783c00000, 0x0000000783c00000| Untracked 
|  61|0x0000000783d00000, 0x0000000783d00000, 0x0000000783e00000|  0%| F|  |TAMS 0x0000000783d00000, 0x0000000783d00000| Untracked 
|  62|0x0000000783e00000, 0x0000000783e00000, 0x0000000783f00000|  0%| F|  |TAMS 0x0000000783e00000, 0x0000000783e00000| Untracked 
|  63|0x0000000783f00000, 0x0000000783f00000, 0x0000000784000000|  0%| F|  |TAMS 0x0000000783f00000, 0x0000000783f00000| Untracked 
|  64|0x0000000784000000, 0x0000000784000000, 0x0000000784100000|  0%| F|  |TAMS 0x0000000784000000, 0x0000000784000000| Untracked 
|  65|0x0000000784100000, 0x0000000784100000, 0x0000000784200000|  0%| F|  |TAMS 0x0000000784100000, 0x0000000784100000| Untracked 
|  66|0x0000000784200000, 0x0000000784200000, 0x0000000784300000|  0%| F|  |TAMS 0x0000000784200000, 0x0000000784200000| Untracked 
|  67|0x0000000784300000, 0x0000000784300000, 0x0000000784400000|  0%| F|  |TAMS 0x0000000784300000, 0x0000000784300000| Untracked 
|  68|0x0000000784400000, 0x0000000784400000, 0x0000000784500000|  0%| F|  |TAMS 0x0000000784400000, 0x0000000784400000| Untracked 
|  69|0x0000000784500000, 0x0000000784500000, 0x0000000784600000|  0%| F|  |TAMS 0x0000000784500000, 0x0000000784500000| Untracked 
|  70|0x0000000784600000, 0x0000000784600000, 0x0000000784700000|  0%| F|  |TAMS 0x0000000784600000, 0x0000000784600000| Untracked 
|  71|0x0000000784700000, 0x0000000784700000, 0x0000000784800000|  0%| F|  |TAMS 0x0000000784700000, 0x0000000784700000| Untracked 
|  72|0x0000000784800000, 0x0000000784800000, 0x0000000784900000|  0%| F|  |TAMS 0x0000000784800000, 0x0000000784800000| Untracked 
|  73|0x0000000784900000, 0x0000000784900000, 0x0000000784a00000|  0%| F|  |TAMS 0x0000000784900000, 0x0000000784900000| Untracked 
|  74|0x0000000784a00000, 0x0000000784a00000, 0x0000000784b00000|  0%| F|  |TAMS 0x0000000784a00000, 0x0000000784a00000| Untracked 
|  75|0x0000000784b00000, 0x0000000784b00000, 0x0000000784c00000|  0%| F|  |TAMS 0x0000000784b00000, 0x0000000784b00000| Untracked 
|  76|0x0000000784c00000, 0x0000000784c00000, 0x0000000784d00000|  0%| F|  |TAMS 0x0000000784c00000, 0x0000000784c00000| Untracked 
|  77|0x0000000784d00000, 0x0000000784d00000, 0x0000000784e00000|  0%| F|  |TAMS 0x0000000784d00000, 0x0000000784d00000| Untracked 
|  78|0x0000000784e00000, 0x0000000784e00000, 0x0000000784f00000|  0%| F|  |TAMS 0x0000000784e00000, 0x0000000784e00000| Untracked 
|  79|0x0000000784f00000, 0x0000000784f00000, 0x0000000785000000|  0%| F|  |TAMS 0x0000000784f00000, 0x0000000784f00000| Untracked 
|  80|0x0000000785000000, 0x0000000785000000, 0x0000000785100000|  0%| F|  |TAMS 0x0000000785000000, 0x0000000785000000| Untracked 
|  81|0x0000000785100000, 0x0000000785100000, 0x0000000785200000|  0%| F|  |TAMS 0x0000000785100000, 0x0000000785100000| Untracked 
|  82|0x0000000785200000, 0x0000000785200000, 0x0000000785300000|  0%| F|  |TAMS 0x0000000785200000, 0x0000000785200000| Untracked 
|  83|0x0000000785300000, 0x0000000785300000, 0x0000000785400000|  0%| F|  |TAMS 0x0000000785300000, 0x0000000785300000| Untracked 
|  84|0x0000000785400000, 0x0000000785400000, 0x0000000785500000|  0%| F|  |TAMS 0x0000000785400000, 0x0000000785400000| Untracked 
|  85|0x0000000785500000, 0x0000000785500000, 0x0000000785600000|  0%| F|  |TAMS 0x0000000785500000, 0x0000000785500000| Untracked 
|  86|0x0000000785600000, 0x0000000785600000, 0x0000000785700000|  0%| F|  |TAMS 0x0000000785600000, 0x0000000785600000| Untracked 
|  87|0x0000000785700000, 0x0000000785700000, 0x0000000785800000|  0%| F|  |TAMS 0x0000000785700000, 0x0000000785700000| Untracked 
|  88|0x0000000785800000, 0x0000000785800000, 0x0000000785900000|  0%| F|  |TAMS 0x0000000785800000, 0x0000000785800000| Untracked 
|  89|0x0000000785900000, 0x0000000785900000, 0x0000000785a00000|  0%| F|  |TAMS 0x0000000785900000, 0x0000000785900000| Untracked 
|  90|0x0000000785a00000, 0x0000000785a00000, 0x0000000785b00000|  0%| F|  |TAMS 0x0000000785a00000, 0x0000000785a00000| Untracked 
|  91|0x0000000785b00000, 0x0000000785b00000, 0x0000000785c00000|  0%| F|  |TAMS 0x0000000785b00000, 0x0000000785b00000| Untracked 
|  92|0x0000000785c00000, 0x0000000785c00000, 0x0000000785d00000|  0%| F|  |TAMS 0x0000000785c00000, 0x0000000785c00000| Untracked 
|  93|0x0000000785d00000, 0x0000000785d00000, 0x0000000785e00000|  0%| F|  |TAMS 0x0000000785d00000, 0x0000000785d00000| Untracked 
|  94|0x0000000785e00000, 0x0000000785e00000, 0x0000000785f00000|  0%| F|  |TAMS 0x0000000785e00000, 0x0000000785e00000| Untracked 
|  95|0x0000000785f00000, 0x0000000785f00000, 0x0000000786000000|  0%| F|  |TAMS 0x0000000785f00000, 0x0000000785f00000| Untracked 
|  96|0x0000000786000000, 0x0000000786000000, 0x0000000786100000|  0%| F|  |TAMS 0x0000000786000000, 0x0000000786000000| Untracked 
|  97|0x0000000786100000, 0x0000000786100000, 0x0000000786200000|  0%| F|  |TAMS 0x0000000786100000, 0x0000000786100000| Untracked 
|  98|0x0000000786200000, 0x0000000786200000, 0x0000000786300000|  0%| F|  |TAMS 0x0000000786200000, 0x0000000786200000| Untracked 
|  99|0x0000000786300000, 0x0000000786300000, 0x0000000786400000|  0%| F|  |TAMS 0x0000000786300000, 0x0000000786300000| Untracked 
| 100|0x0000000786400000, 0x0000000786400000, 0x0000000786500000|  0%| F|  |TAMS 0x0000000786400000, 0x0000000786400000| Untracked 
| 101|0x0000000786500000, 0x0000000786500000, 0x0000000786600000|  0%| F|  |TAMS 0x0000000786500000, 0x0000000786500000| Untracked 
| 102|0x0000000786600000, 0x0000000786600000, 0x0000000786700000|  0%| F|  |TAMS 0x0000000786600000, 0x0000000786600000| Untracked 
| 103|0x0000000786700000, 0x0000000786700000, 0x0000000786800000|  0%| F|  |TAMS 0x0000000786700000, 0x0000000786700000| Untracked 
| 104|0x0000000786800000, 0x0000000786800000, 0x0000000786900000|  0%| F|  |TAMS 0x0000000786800000, 0x0000000786800000| Untracked 
| 105|0x0000000786900000, 0x0000000786900000, 0x0000000786a00000|  0%| F|  |TAMS 0x0000000786900000, 0x0000000786900000| Untracked 
| 106|0x0000000786a00000, 0x0000000786a00000, 0x0000000786b00000|  0%| F|  |TAMS 0x0000000786a00000, 0x0000000786a00000| Untracked 
| 107|0x0000000786b00000, 0x0000000786b00000, 0x0000000786c00000|  0%| F|  |TAMS 0x0000000786b00000, 0x0000000786b00000| Untracked 
| 108|0x0000000786c00000, 0x0000000786c00000, 0x0000000786d00000|  0%| F|  |TAMS 0x0000000786c00000, 0x0000000786c00000| Untracked 
| 109|0x0000000786d00000, 0x0000000786d00000, 0x0000000786e00000|  0%| F|  |TAMS 0x0000000786d00000, 0x0000000786d00000| Untracked 
| 110|0x0000000786e00000, 0x0000000786e00000, 0x0000000786f00000|  0%| F|  |TAMS 0x0000000786e00000, 0x0000000786e00000| Untracked 
| 111|0x0000000786f00000, 0x0000000786f00000, 0x0000000787000000|  0%| F|  |TAMS 0x0000000786f00000, 0x0000000786f00000| Untracked 
| 112|0x0000000787000000, 0x0000000787070010, 0x0000000787100000| 43%| E|  |TAMS 0x0000000787000000, 0x0000000787000000| Complete 
| 113|0x0000000787100000, 0x00000007871f8468, 0x0000000787200000| 96%| E|  |TAMS 0x0000000787100000, 0x0000000787100000| Complete 
| 114|0x0000000787200000, 0x0000000787300000, 0x0000000787300000|100%| E|CS|TAMS 0x0000000787200000, 0x0000000787200000| Complete 
| 115|0x0000000787300000, 0x0000000787400000, 0x0000000787400000|100%| E|CS|TAMS 0x0000000787300000, 0x0000000787300000| Complete 
| 116|0x0000000787400000, 0x0000000787500000, 0x0000000787500000|100%| E|CS|TAMS 0x0000000787400000, 0x0000000787400000| Complete 
| 117|0x0000000787500000, 0x0000000787600000, 0x0000000787600000|100%| E|CS|TAMS 0x0000000787500000, 0x0000000787500000| Complete 
| 118|0x0000000787600000, 0x0000000787700000, 0x0000000787700000|100%| E|CS|TAMS 0x0000000787600000, 0x0000000787600000| Complete 
| 119|0x0000000787700000, 0x0000000787800000, 0x0000000787800000|100%| E|CS|TAMS 0x0000000787700000, 0x0000000787700000| Complete 
| 120|0x0000000787800000, 0x0000000787900000, 0x0000000787900000|100%| E|CS|TAMS 0x0000000787800000, 0x0000000787800000| Complete 
| 121|0x0000000787900000, 0x0000000787a00000, 0x0000000787a00000|100%| E|CS|TAMS 0x0000000787900000, 0x0000000787900000| Complete 
| 122|0x0000000787a00000, 0x0000000787b00000, 0x0000000787b00000|100%| E|CS|TAMS 0x0000000787a00000, 0x0000000787a00000| Complete 
| 123|0x0000000787b00000, 0x0000000787c00000, 0x0000000787c00000|100%| E|CS|TAMS 0x0000000787b00000, 0x0000000787b00000| Complete 
| 124|0x0000000787c00000, 0x0000000787d00000, 0x0000000787d00000|100%| E|CS|TAMS 0x0000000787c00000, 0x0000000787c00000| Complete 
| 125|0x0000000787d00000, 0x0000000787e00000, 0x0000000787e00000|100%| E|CS|TAMS 0x0000000787d00000, 0x0000000787d00000| Complete 
| 126|0x0000000787e00000, 0x0000000787f00000, 0x0000000787f00000|100%| E|CS|TAMS 0x0000000787e00000, 0x0000000787e00000| Complete 
| 127|0x0000000787f00000, 0x0000000788000000, 0x0000000788000000|100%| E|CS|TAMS 0x0000000787f00000, 0x0000000787f00000| Complete 

Card table byte_map: [0x000000010b38a000,0x000000010b78a000] _byte_map_base: 0x000000010778a000

Marking Bits (Prev, Next): (CMBitMap*) 0x00007f8c6782d618, (CMBitMap*) 0x00007f8c6782d650
 Prev Bits: [0x000000010cc4d000, 0x000000010ec4d000)
 Next Bits: [0x00000001271f7000, 0x00000001291f7000)

Polling page: 0x000000010acc9000

Metaspace:

Usage:
  Non-class:      9.42 MB capacity,     9.23 MB ( 98%) used,   160.09 KB (  2%) free+waste,    30.38 KB ( <1%) overhead. 
      Class:      1.20 MB capacity,     1.04 MB ( 87%) used,   144.05 KB ( 12%) free+waste,    15.31 KB (  1%) overhead. 
       Both:     10.62 MB capacity,    10.27 MB ( 97%) used,   304.14 KB (  3%) free+waste,    45.69 KB ( <1%) overhead. 

Virtual space:
  Non-class space:       10.00 MB reserved,       9.50 MB ( 95%) committed 
      Class space:        1.00 GB reserved,       1.25 MB ( <1%) committed 
             Both:        1.01 GB reserved,      10.75 MB (  1%) committed 

Chunk freelists:
   Non-Class:  896 bytes
       Class:  2.88 KB
        Both:  3.75 KB

CodeHeap 'non-profiled nmethods': size=120032Kb used=261Kb max_used=261Kb free=119770Kb
 bounds [0x000000011fcbf000, 0x000000011ff2f000, 0x00000001271f7000]
CodeHeap 'profiled nmethods': size=120028Kb used=1280Kb max_used=1280Kb free=118747Kb
 bounds [0x0000000118788000, 0x00000001189f8000, 0x000000011fcbf000]
CodeHeap 'non-nmethods': size=5700Kb used=1144Kb max_used=1157Kb free=4555Kb
 bounds [0x00000001181f7000, 0x0000000118467000, 0x0000000118788000]
 total_blobs=1292 nmethods=810 adapters=395
 compilation: enabled
              stopped_count=0, restarted_count=0
 full_count=0

Compilation events (10 events):
Event: 0.369 Thread 0x00007f8c68852000  778       3       sun.invoke.util.VerifyAccess::getClassModifiers (24 bytes)
Event: 0.369 Thread 0x00007f8c68852000 nmethod 778 0x00000001188b7410 code [0x00000001188b75e0, 0x00000001188b7868]
Event: 0.414 Thread 0x00007f8c68852000  779       3       java.nio.Buffer::limit (65 bytes)
Event: 0.414 Thread 0x00007f8c68852000 nmethod 779 0x00000001188b7990 code [0x00000001188b7b40, 0x00000001188b7e48]
Event: 0.415 Thread 0x00007f8c68851000 nmethod 723 0x000000011fcf6b90 code [0x000000011fcf6f80, 0x000000011fcfad30]
Event: 0.416 Thread 0x00007f8c68851000  768       4       sun.security.provider.MD5::implCompress (1508 bytes)
Event: 0.443 Thread 0x00007f8c68851000 nmethod 768 0x000000011fcfc690 code [0x000000011fcfc820, 0x000000011fcfd4c8]
Event: 0.443 Thread 0x00007f8c68851000  769       4       sun.security.provider.ByteArrayAccess::b2iLittle64 (614 bytes)
Event: 0.445 Thread 0x00007f8c68851000 nmethod 769 0x000000011fcfd690 code [0x000000011fcfd820, 0x000000011fcfda38]
Event: 0.445 Thread 0x00007f8c68851000  758       4       jdk.internal.org.objectweb.asm.ClassWriter::newUTF8 (70 bytes)

GC Heap History (0 events):
No events

Deoptimization events (3 events):
Event: 0.115 Thread 0x00007f8c67809000 Uncommon trap: reason=unstable_if action=reinterpret pc=0x000000011fcc7f9c method=java.lang.CharacterDataLatin1.isJavaIdentifierPart(I)Z @ 11 c2
Event: 0.294 Thread 0x00007f8c6c077000 Uncommon trap: reason=unstable_if action=reinterpret pc=0x000000011fccd198 method=jdk.internal.module.Checks.isJavaIdentifier(Ljava/lang/CharSequence;)Z @ 6 c2
Event: 0.300 Thread 0x00007f8c6c077000 Uncommon trap: reason=unstable_if action=reinterpret pc=0x000000011fcdad28 method=java.util.HashMap.putVal(ILjava/lang/Object;Ljava/lang/Object;ZZ)Ljava/lang/Object; @ 193 c2

Classes redefined (0 events):
No events

Internal exceptions (10 events):
Event: 0.152 Thread 0x00007f8c67809000 Exception <a 'java/lang/NoSuchMethodError'{0x0000000787cb07c0}: java.lang.invoke.DirectMethodHandle$Holder.invokeVirtual(Ljava/lang/Object;Ljava/lang/Object;)V> (0x0000000787cb07c0) thrown at [./open/src/hotspot/share/interpreter/linkResolver.cpp, line 77
Event: 0.159 Thread 0x00007f8c67809000 Exception <a 'java/lang/NoSuchMethodError'{0x0000000787ce93a8}: java.lang.invoke.DirectMethodHandle$Holder.invokeSpecial(Ljava/lang/Object;Ljava/lang/Object;Ljava/lang/Object;Ljava/lang/Object;Ljava/lang/Object;)V> (0x0000000787ce93a8) thrown at [./open/s
Event: 0.161 Thread 0x00007f8c67809000 Exception <a 'java/lang/IncompatibleClassChangeError'{0x0000000787cfbbe0}: Found class java.lang.Object, but interface was expected> (0x0000000787cfbbe0) thrown at [./open/src/hotspot/share/interpreter/linkResolver.cpp, line 838]
Event: 0.162 Thread 0x00007f8c67809000 Exception <a 'java/lang/NoSuchMethodError'{0x0000000787cfe8c0}: java.lang.invoke.DirectMethodHandle$Holder.invokeStatic(Ljava/lang/Object;Ljava/lang/Object;Ljava/lang/Object;Ljava/lang/Object;)V> (0x0000000787cfe8c0) thrown at [./open/src/hotspot/share/in
Event: 0.186 Thread 0x00007f8c688fc000 Exception <a 'java/lang/ClassNotFoundException'{0x0000000787bfa550}: jdk/net/ExtendedSocketOptions> (0x0000000787bfa550) thrown at [./open/src/hotspot/share/classfile/systemDictionary.cpp, line 228]
Event: 0.216 Thread 0x00007f8c67809000 Exception <a 'java/lang/NoSuchMethodError'{0x000000078780b0f0}: java.lang.invoke.DirectMethodHandle$Holder.invokeStatic(Ljava/lang/Object;Ljava/lang/Object;Ljava/lang/Object;Ljava/lang/Object;Ljava/lang/Object;Ljava/lang/Object;Ljava/lang/Object;Ljava/lan
Event: 0.218 Thread 0x00007f8c67809000 Exception <a 'java/lang/NoSuchMethodError'{0x0000000787826518}: java.lang.invoke.DirectMethodHandle$Holder.invokeStatic(Ljava/lang/Object;Ljava/lang/Object;Ljava/lang/Object;Ljava/lang/Object;Ljava/lang/Object;Ljava/lang/Object;Ljava/lang/Object;Ljava/lan
Event: 0.220 Thread 0x00007f8c67809000 Exception <a 'java/lang/NoSuchMethodError'{0x00000007878418f8}: java.lang.invoke.DirectMethodHandle$Holder.invokeStatic(Ljava/lang/Object;Ljava/lang/Object;Ljava/lang/Object;Ljava/lang/Object;Ljava/lang/Object;Ljava/lang/Object;Ljava/lang/Object;Ljava/lan
Event: 0.349 Thread 0x00007f8c67809000 Exception <a 'java/lang/NoSuchMethodError'{0x0000000787626fd0}: java.lang.invoke.DirectMethodHandle$Holder.invokeStaticInit(Ljava/lang/Object;Ljava/lang/Object;Ljava/lang/Object;)I> (0x0000000787626fd0) thrown at [./open/src/hotspot/share/interpreter/link
Event: 0.351 Thread 0x00007f8c67809000 Exception <a 'java/lang/NoSuchMethodError'{0x00000007876328f8}: java.lang.invoke.DirectMethodHandle$Holder.invokeSpecial(Ljava/lang/Object;Ljava/lang/Object;)V> (0x00000007876328f8) thrown at [./open/src/hotspot/share/interpreter/linkResolver.cpp, line 77

Events (10 events):
Event: 0.415 Thread 0x00007f8c67a61800 Thread added: 0x00007f8c67a61800
Event: 0.477 loading class com/sun/glass/ui/EventLoop
Event: 0.477 loading class com/sun/glass/ui/EventLoop done
Event: 0.477 loading class com/sun/glass/ui/EventLoop
Event: 0.477 loading class com/sun/glass/ui/EventLoop done
Event: 0.477 loading class java/util/concurrent/LinkedBlockingDeque$Node
Event: 0.477 loading class java/util/concurrent/LinkedBlockingDeque$Node done
Event: 0.479 Executing VM operation: RevokeBias
Event: 0.479 Executing VM operation: RevokeBias done
Event: 0.480 Thread 0x00007f8c67a61800 Thread exited: 0x00007f8c67a61800


Dynamic libraries:
0x000000010accb000 	/Library/Java/JavaVirtualMachines/jdk-11.0.9.jdk/Contents/Home/lib/jli/libjli.dylib
0x00007ff817cc4000 	/System/Library/Frameworks/Cocoa.framework/Versions/A/Cocoa
0x00007ff803b49000 	/System/Library/Frameworks/AppKit.framework/Versions/C/AppKit
0x00007ff80703f000 	/System/Library/Frameworks/CoreData.framework/Versions/A/CoreData
0x00007ff801f60000 	/System/Library/Frameworks/Foundation.framework/Versions/C/Foundation
0x00007ff80bdff000 	/usr/lib/libSystem.B.dylib
0x00007ff8049d8000 	/System/Library/PrivateFrameworks/UIFoundation.framework/Versions/A/UIFoundation
0x00007ff811c75000 	/System/Library/PrivateFrameworks/RemoteViewServices.framework/Versions/A/RemoteViewServices
0x00007ff80a065000 	/System/Library/PrivateFrameworks/XCTTargetBootstrap.framework/Versions/A/XCTTargetBootstrap
0x00007ff80dc0f000 	/System/Library/PrivateFrameworks/InternationalSupport.framework/Versions/A/InternationalSupport
0x00007ff80dc99000 	/System/Library/PrivateFrameworks/UserActivity.framework/Versions/A/UserActivity
0x00007ff80cfef000 	/usr/lib/libspindump.dylib
0x00007ff804c66000 	/System/Library/Frameworks/UniformTypeIdentifiers.framework/Versions/A/UniformTypeIdentifiers
0x00007ff8087a2000 	/usr/lib/libapp_launch_measurement.dylib
0x00007ff807a0b000 	/System/Library/PrivateFrameworks/CoreAnalytics.framework/Versions/A/CoreAnalytics
0x00007ff8087a5000 	/System/Library/PrivateFrameworks/CoreAutoLayout.framework/Versions/A/CoreAutoLayout
0x00007ff8099c5000 	/System/Library/Frameworks/Metal.framework/Versions/A/Metal
0x00007ff80a6db000 	/usr/lib/liblangid.dylib
0x00007ff80a069000 	/System/Library/PrivateFrameworks/CoreSVG.framework/Versions/A/CoreSVG
0x00007ff80602d000 	/System/Library/PrivateFrameworks/SkyLight.framework/Versions/A/SkyLight
0x00007ff8063c0000 	/System/Library/Frameworks/CoreGraphics.framework/Versions/A/CoreGraphics
0x00007ff8122e4000 	/System/Library/Frameworks/Accelerate.framework/Versions/A/Accelerate
0x00007ff80ca6a000 	/System/Library/PrivateFrameworks/IconServices.framework/Versions/A/IconServices
0x00007ff8099aa000 	/System/Library/Frameworks/IOSurface.framework/Versions/A/IOSurface
0x00007ff807a39000 	/usr/lib/libDiagnosticMessagesClient.dylib
0x00007ff80bd1f000 	/usr/lib/libz.1.dylib
0x00007ff815953000 	/System/Library/Frameworks/ApplicationServices.framework/Versions/A/ApplicationServices
0x00007ff80a051000 	/System/Library/PrivateFrameworks/DFRFoundation.framework/Versions/A/DFRFoundation
0x00007ff80343a000 	/usr/lib/libicucore.A.dylib
0x00007ff80e934000 	/System/Library/Frameworks/AudioToolbox.framework/Versions/A/AudioToolbox
0x00007ff80dc1b000 	/System/Library/PrivateFrameworks/DataDetectorsCore.framework/Versions/A/DataDetectorsCore
0x00007ff90957a000 	/System/Library/PrivateFrameworks/TextInput.framework/Versions/A/TextInput
0x00007ff805fb1000 	/usr/lib/libMobileGestalt.dylib
0x00007ff809d59000 	/System/Library/Frameworks/Carbon.framework/Versions/A/Frameworks/HIToolbox.framework/Versions/A/HIToolbox
0x00007ff8081cf000 	/System/Library/Frameworks/QuartzCore.framework/Versions/A/QuartzCore
0x00007ff8030da000 	/System/Library/Frameworks/Security.framework/Versions/A/Security
0x00007ff811cad000 	/System/Library/Frameworks/Carbon.framework/Versions/A/Frameworks/SpeechRecognition.framework/Versions/A/SpeechRecognition
0x00007ff808502000 	/System/Library/PrivateFrameworks/CoreUI.framework/Versions/A/CoreUI
0x00007ff8029b2000 	/System/Library/Frameworks/CoreAudio.framework/Versions/A/CoreAudio
0x00007ff807b27000 	/System/Library/Frameworks/DiskArbitration.framework/Versions/A/DiskArbitration
0x00007ff80d3d6000 	/System/Library/PrivateFrameworks/MultitouchSupport.framework/Versions/A/MultitouchSupport
0x00007ff805fb0000 	/usr/lib/libenergytrace.dylib
0x00007ff803a35000 	/System/Library/Frameworks/IOKit.framework/Versions/A/IOKit
0x00007ff812099000 	/System/Library/Frameworks/CoreServices.framework/Versions/A/CoreServices
0x00007ff80873c000 	/System/Library/PrivateFrameworks/PerformanceAnalysis.framework/Versions/A/PerformanceAnalysis
0x00007ffa18d45000 	/System/Library/Frameworks/OpenGL.framework/Versions/A/OpenGL
0x00007ff80b350000 	/System/Library/PrivateFrameworks/MobileKeyBag.framework/Versions/A/MobileKeyBag
0x00007ff800f21000 	/usr/lib/libobjc.A.dylib
0x00007ff806a8c000 	/System/Library/Frameworks/ColorSync.framework/Versions/A/ColorSync
0x00007ff8010da000 	/System/Library/Frameworks/CoreFoundation.framework/Versions/A/CoreFoundation
0x00007ff80a2e2000 	/System/Library/Frameworks/CoreImage.framework/Versions/A/CoreImage
0x00007ff8027c8000 	/System/Library/Frameworks/CoreText.framework/Versions/A/CoreText
0x00007ff80a098000 	/System/Library/Frameworks/ImageIO.framework/Versions/A/ImageIO
0x00007ff80be05000 	/System/Library/PrivateFrameworks/SoftLinking.framework/Versions/A/SoftLinking
0x00007ff8087ed000 	/usr/lib/libxml2.2.dylib
0x00007ff800fe7000 	/usr/lib/libc++.1.dylib
0x00007ff80c089000 	/usr/lib/libcompression.dylib
0x00007ff80db45000 	/System/Library/PrivateFrameworks/TextureIO.framework/Versions/A/TextureIO
0x00007ff80c77c000 	/usr/lib/libate.dylib
0x00007ff80bdfa000 	/usr/lib/system/libcache.dylib
0x00007ff80bdb6000 	/usr/lib/system/libcommonCrypto.dylib
0x00007ff80bddf000 	/usr/lib/system/libcompiler_rt.dylib
0x00007ff80bdd5000 	/usr/lib/system/libcopyfile.dylib
0x00007ff800e1b000 	/usr/lib/system/libcorecrypto.dylib
0x00007ff800eda000 	/usr/lib/system/libdispatch.dylib
0x00007ff801099000 	/usr/lib/system/libdyld.dylib
0x00007ff80bdf1000 	/usr/lib/system/libkeymgr.dylib
0x00007ff80bd94000 	/usr/lib/system/libmacho.dylib
0x00007ff80b424000 	/usr/lib/system/libquarantine.dylib
0x00007ff80bdef000 	/usr/lib/system/libremovefile.dylib
0x00007ff805ffd000 	/usr/lib/system/libsystem_asl.dylib
0x00007ff800dc9000 	/usr/lib/system/libsystem_blocks.dylib
0x00007ff800f5e000 	/usr/lib/system/libsystem_c.dylib
0x00007ff80bde7000 	/usr/lib/system/libsystem_collections.dylib
0x00007ff80a6cc000 	/usr/lib/system/libsystem_configuration.dylib
0x00007ff80998d000 	/usr/lib/system/libsystem_containermanager.dylib
0x00007ff80bad1000 	/usr/lib/system/libsystem_coreservices.dylib
0x00007ff8036c3000 	/usr/lib/system/libsystem_darwin.dylib
0x00007ff80bdf2000 	/usr/lib/system/libsystem_dnssd.dylib
0x00007ff800f5b000 	/usr/lib/system/libsystem_featureflags.dylib
0x00007ff8010af000 	/usr/lib/system/libsystem_info.dylib
0x00007ff80bd32000 	/usr/lib/system/libsystem_m.dylib
0x00007ff800eae000 	/usr/lib/system/libsystem_malloc.dylib
0x00007ff805f9a000 	/usr/lib/system/libsystem_networkextension.dylib
0x00007ff803aeb000 	/usr/lib/system/libsystem_notify.dylib
0x00007ff811f6e000 	/usr/lib/system/libsystem_product_info_filter.dylib
0x00007ff80a6d0000 	/usr/lib/system/libsystem_sandbox.dylib
0x00007ff80bdec000 	/usr/lib/system/libsystem_secinit.dylib
0x00007ff801056000 	/usr/lib/system/libsystem_kernel.dylib
0x00007ff8010a5000 	/usr/lib/system/libsystem_platform.dylib
0x00007ff80108d000 	/usr/lib/system/libsystem_pthread.dylib
0x00007ff807852000 	/usr/lib/system/libsystem_symptoms.dylib
0x00007ff800e02000 	/usr/lib/system/libsystem_trace.dylib
0x00007ff80bdc2000 	/usr/lib/system/libunwind.dylib
0x00007ff800dcb000 	/usr/lib/system/libxpc.dylib
0x00007ff801040000 	/usr/lib/libc++abi.dylib
0x00007ff80bdcd000 	/usr/lib/liboah.dylib
0x00007ff80c55a000 	/usr/lib/liblzma.5.dylib
0x00007ff801c71000 	/System/Library/Frameworks/SystemConfiguration.framework/Versions/A/SystemConfiguration
0x00007ff80be01000 	/usr/lib/libfakelink.dylib
0x00007ff805b03000 	/System/Library/Frameworks/CFNetwork.framework/Versions/A/CFNetwork
0x00007ff80bf40000 	/usr/lib/libarchive.2.dylib
0x00007ff80a6d7000 	/System/Library/PrivateFrameworks/AppleSystemInfo.framework/Versions/A/AppleSystemInfo
0x00007ff80b44b000 	/usr/lib/libbsm.0.dylib
0x00007ff805139000 	/usr/lib/libnetwork.dylib
0x00007ff80bd9a000 	/usr/lib/system/libkxld.dylib
0x00007ff80b079000 	/System/Library/PrivateFrameworks/IOMobileFramebuffer.framework/Versions/A/IOMobileFramebuffer
0x00007ffb16af3000 	/usr/lib/libCoreEntitlements.dylib
0x00007ff80bab3000 	/System/Library/PrivateFrameworks/AppleFSCompression.framework/Versions/A/AppleFSCompression
0x00007ff80b433000 	/usr/lib/libcoretls.dylib
0x00007ff80c574000 	/usr/lib/libcoretls_cfhelpers.dylib
0x00007ff80c084000 	/usr/lib/libpam.2.dylib
0x00007ff807474000 	/usr/lib/libsqlite3.dylib
0x00007ff80c5e3000 	/usr/lib/libxar.1.dylib
0x00007ff80bac3000 	/usr/lib/libbz2.1.0.dylib
0x00007ff80be06000 	/usr/lib/libpcap.A.dylib
0x00007ff807849000 	/usr/lib/libdns_services.dylib
0x00007ff80c053000 	/usr/lib/libapple_nghttp2.dylib
0x00007ff80be3d000 	/usr/lib/libiconv.2.dylib
0x00007ff80bd93000 	/usr/lib/libcharset.1.dylib
0x00007ff808770000 	/System/Library/Frameworks/CoreServices.framework/Versions/A/Frameworks/FSEvents.framework/Versions/A/FSEvents
0x00007ff8036cd000 	/System/Library/Frameworks/CoreServices.framework/Versions/A/Frameworks/CarbonCore.framework/Versions/A/CarbonCore
0x00007ff807a8c000 	/System/Library/Frameworks/CoreServices.framework/Versions/A/Frameworks/Metadata.framework/Versions/A/Metadata
0x00007ff80bad6000 	/System/Library/Frameworks/CoreServices.framework/Versions/A/Frameworks/OSServices.framework/Versions/A/OSServices
0x00007ff80bfc7000 	/System/Library/Frameworks/CoreServices.framework/Versions/A/Frameworks/SearchKit.framework/Versions/A/SearchKit
0x00007ff8077db000 	/System/Library/Frameworks/CoreServices.framework/Versions/A/Frameworks/AE.framework/Versions/A/AE
0x00007ff8015dd000 	/System/Library/Frameworks/CoreServices.framework/Versions/A/Frameworks/LaunchServices.framework/Versions/A/LaunchServices
0x00007ff80c50b000 	/System/Library/Frameworks/CoreServices.framework/Versions/A/Frameworks/DictionaryServices.framework/Versions/A/DictionaryServices
0x00007ff80877d000 	/System/Library/Frameworks/CoreServices.framework/Versions/A/Frameworks/SharedFileList.framework/Versions/A/SharedFileList
0x00007ff80b427000 	/usr/lib/libCheckFix.dylib
0x00007ff806014000 	/System/Library/PrivateFrameworks/TCC.framework/Versions/A/TCC
0x00007ff80a6dd000 	/System/Library/PrivateFrameworks/CoreNLP.framework/Versions/A/CoreNLP
0x00007ff807a3c000 	/System/Library/PrivateFrameworks/MetadataUtilities.framework/Versions/A/MetadataUtilities
0x00007ff801d21000 	/usr/lib/libmecabra.dylib
0x00007ff80b45b000 	/usr/lib/libmecab.dylib
0x00007ff801cec000 	/usr/lib/libCRFSuite.dylib
0x00007ff80b4b8000 	/usr/lib/libgermantok.dylib
0x00007ff80c02e000 	/usr/lib/libThaiTokenizer.dylib
0x00007ff807b2e000 	/System/Library/Frameworks/Accelerate.framework/Versions/A/Frameworks/vImage.framework/Versions/A/vImage
0x00007ff812070000 	/System/Library/Frameworks/Accelerate.framework/Versions/A/Frameworks/vecLib.framework/Versions/A/vecLib
0x00007ff80c624000 	/System/Library/Frameworks/Accelerate.framework/Versions/A/Frameworks/vecLib.framework/Versions/A/libvMisc.dylib
0x00007ff80ae97000 	/System/Library/Frameworks/Accelerate.framework/Versions/A/Frameworks/vecLib.framework/Versions/A/libvDSP.dylib
0x00007ff801955000 	/System/Library/Frameworks/Accelerate.framework/Versions/A/Frameworks/vecLib.framework/Versions/A/libBLAS.dylib
0x00007ff80c165000 	/System/Library/Frameworks/Accelerate.framework/Versions/A/Frameworks/vecLib.framework/Versions/A/libLAPACK.dylib
0x00007ff80b4bb000 	/System/Library/Frameworks/Accelerate.framework/Versions/A/Frameworks/vecLib.framework/Versions/A/libLinearAlgebra.dylib
0x00007ff80c06c000 	/System/Library/Frameworks/Accelerate.framework/Versions/A/Frameworks/vecLib.framework/Versions/A/libSparseBLAS.dylib
0x00007ff80c15f000 	/System/Library/Frameworks/Accelerate.framework/Versions/A/Frameworks/vecLib.framework/Versions/A/libQuadrature.dylib
0x00007ff80a7c7000 	/System/Library/Frameworks/Accelerate.framework/Versions/A/Frameworks/vecLib.framework/Versions/A/libBNNS.dylib
0x00007ff801c02000 	/System/Library/Frameworks/Accelerate.framework/Versions/A/Frameworks/vecLib.framework/Versions/A/libSparse.dylib
0x00007ff80a7c0000 	/System/Library/PrivateFrameworks/LinguisticData.framework/Versions/A/LinguisticData
0x00007ff801bb7000 	/System/Library/PrivateFrameworks/Lexicon.framework/Versions/A/Lexicon
0x00007ff80c61d000 	/usr/lib/libChineseTokenizer.dylib
0x00007ff80231b000 	/System/Library/PrivateFrameworks/LanguageModeling.framework/Versions/A/LanguageModeling
0x00007ff80c030000 	/System/Library/PrivateFrameworks/AppleSauce.framework/Versions/A/AppleSauce
0x00007ff80b067000 	/System/Library/PrivateFrameworks/CoreEmoji.framework/Versions/A/CoreEmoji
0x00007ff80bf2f000 	/usr/lib/libcmph.dylib
0x00007ff808754000 	/System/Library/Frameworks/OpenDirectory.framework/Versions/A/Frameworks/CFOpenDirectory.framework/Versions/A/CFOpenDirectory
0x00007ff808748000 	/System/Library/Frameworks/OpenDirectory.framework/Versions/A/OpenDirectory
0x00007ff80c576000 	/System/Library/PrivateFrameworks/APFS.framework/Versions/A/APFS
0x00007ff80b388000 	/System/Library/Frameworks/SecurityFoundation.framework/Versions/A/SecurityFoundation
0x00007ff80c5f1000 	/usr/lib/libutil.dylib
0x00007ff8039f8000 	/System/Library/PrivateFrameworks/CoreServicesStore.framework/Versions/A/CoreServicesStore
0x00007ff80c5f5000 	/usr/lib/libxslt.1.dylib
0x00007ff80b415000 	/System/Library/PrivateFrameworks/BackgroundTaskManagement.framework/Versions/A/BackgroundTaskManagement
0x00007ff80da65000 	/System/Library/Frameworks/ImageIO.framework/Versions/A/Resources/libRadiance.dylib
0x00007ff80da6e000 	/System/Library/Frameworks/ImageIO.framework/Versions/A/Resources/libJPEG.dylib
0x00007ff80d9be000 	/System/Library/Frameworks/ImageIO.framework/Versions/A/Resources/libPng.dylib
0x00007ff80d9df000 	/System/Library/Frameworks/ImageIO.framework/Versions/A/Resources/libTIFF.dylib
0x00007ff80dace000 	/System/Library/Frameworks/ImageIO.framework/Versions/A/Resources/libGIF.dylib
0x00007ff80d2ef000 	/System/Library/Frameworks/ImageIO.framework/Versions/A/Resources/libJP2.dylib
0x00007ff80ca31000 	/usr/lib/libexpat.1.dylib
0x00007ff80d2a4000 	/System/Library/PrivateFrameworks/AppleJPEG.framework/Versions/A/AppleJPEG
0x00007ff809c20000 	/System/Library/PrivateFrameworks/FontServices.framework/libFontParser.dylib
0x00007ff807785000 	/System/Library/PrivateFrameworks/RunningBoardServices.framework/Versions/A/RunningBoardServices
0x00007ff81823e000 	/System/Library/PrivateFrameworks/IOSurfaceAccelerator.framework/Versions/A/IOSurfaceAccelerator
0x00007ff80d3d2000 	/System/Library/PrivateFrameworks/WatchdogClient.framework/Versions/A/WatchdogClient
0x00007ff80240a000 	/System/Library/Frameworks/CoreDisplay.framework/Versions/A/CoreDisplay
0x00007ff809b1f000 	/System/Library/Frameworks/CoreMedia.framework/Versions/A/CoreMedia
0x00007ff8099bc000 	/System/Library/PrivateFrameworks/IOAccelerator.framework/Versions/A/IOAccelerator
0x00007ff8088d0000 	/System/Library/Frameworks/CoreVideo.framework/Versions/A/CoreVideo
0x00007ff80c082000 	/System/Library/Frameworks/MetalPerformanceShaders.framework/Versions/A/MetalPerformanceShaders
0x00007ff80d40d000 	/System/Library/Frameworks/VideoToolbox.framework/Versions/A/VideoToolbox
0x00007ff8076cd000 	/System/Library/PrivateFrameworks/BaseBoard.framework/Versions/A/BaseBoard
0x00007ff80745a000 	/System/Library/PrivateFrameworks/ProtocolBuffer.framework/Versions/A/ProtocolBuffer
0x00007ff80da5e000 	/System/Library/PrivateFrameworks/GPUWrangler.framework/Versions/A/GPUWrangler
0x00007ff80da41000 	/System/Library/PrivateFrameworks/IOPresentment.framework/Versions/A/IOPresentment
0x00007ff80da68000 	/System/Library/PrivateFrameworks/DSExternalDisplay.framework/Versions/A/DSExternalDisplay
0x00007ffa18d39000 	/System/Library/Frameworks/OpenGL.framework/Versions/A/Libraries/libCoreFSCache.dylib
0x00007ffb04ddd000 	/System/Library/PrivateFrameworks/GPUCompiler.framework/Versions/31001/Libraries/libGPUCompilerUtils.dylib
0x00007ff80dad3000 	/System/Library/PrivateFrameworks/CMCaptureCore.framework/Versions/A/CMCaptureCore
0x00007ff80cfdd000 	/System/Library/PrivateFrameworks/AppServerSupport.framework/Versions/A/AppServerSupport
0x00007ff80f1ba000 	/System/Library/PrivateFrameworks/perfdata.framework/Versions/A/perfdata
0x00007ff802536000 	/System/Library/PrivateFrameworks/AudioToolboxCore.framework/Versions/A/AudioToolboxCore
0x00007ff809afc000 	/System/Library/PrivateFrameworks/caulk.framework/Versions/A/caulk
0x00007ff80eade000 	/usr/lib/libAudioStatistics.dylib
0x00007ff905e0b000 	/System/Library/PrivateFrameworks/SystemPolicy.framework/Versions/A/SystemPolicy
0x00007ff80ed33000 	/usr/lib/libSMC.dylib
0x00007ff817b77000 	/System/Library/Frameworks/CoreMIDI.framework/Versions/A/CoreMIDI
0x00007ff80d98e000 	/usr/lib/libAudioToolboxUtility.dylib
0x00007ff90221d000 	/System/Library/PrivateFrameworks/OSAServicesClient.framework/Versions/A/OSAServicesClient
0x00007ff80f1c7000 	/usr/lib/libperfcheck.dylib
0x00007ff90689d000 	/usr/lib/libmis.dylib
0x00007ffa18d95000 	/System/Library/Frameworks/OpenGL.framework/Versions/A/Libraries/libGLU.dylib
0x00007ffa18d58000 	/System/Library/Frameworks/OpenGL.framework/Versions/A/Libraries/libGFXShared.dylib
0x00007ffa18f66000 	/System/Library/Frameworks/OpenGL.framework/Versions/A/Libraries/libGL.dylib
0x00007ffa18d61000 	/System/Library/Frameworks/OpenGL.framework/Versions/A/Libraries/libGLImage.dylib
0x00007ffa18d55000 	/System/Library/Frameworks/OpenGL.framework/Versions/A/Libraries/libCVMSPluginSupport.dylib
0x00007ffa18d40000 	/System/Library/Frameworks/OpenGL.framework/Versions/A/Libraries/libCoreVMClient.dylib
0x00007ff80a65b000 	/System/Library/Frameworks/MetalPerformanceShaders.framework/Versions/A/Frameworks/MPSCore.framework/Versions/A/MPSCore
0x00007ff80ba1e000 	/System/Library/Frameworks/MetalPerformanceShaders.framework/Versions/A/Frameworks/MPSImage.framework/Versions/A/MPSImage
0x00007ff80b4d1000 	/System/Library/Frameworks/MetalPerformanceShaders.framework/Versions/A/Frameworks/MPSNeuralNetwork.framework/Versions/A/MPSNeuralNetwork
0x00007ff80b946000 	/System/Library/Frameworks/MetalPerformanceShaders.framework/Versions/A/Frameworks/MPSMatrix.framework/Versions/A/MPSMatrix
0x00007ff80b702000 	/System/Library/Frameworks/MetalPerformanceShaders.framework/Versions/A/Frameworks/MPSRayIntersector.framework/Versions/A/MPSRayIntersector
0x00007ff80b97f000 	/System/Library/Frameworks/MetalPerformanceShaders.framework/Versions/A/Frameworks/MPSNDArray.framework/Versions/A/MPSNDArray
0x00007ffa1d957000 	/System/Library/Frameworks/MetalPerformanceShaders.framework/Versions/A/Frameworks/MPSFunctions.framework/Versions/A/MPSFunctions
0x00007ff801838000 	/System/Library/PrivateFrameworks/MetalTools.framework/Versions/A/MetalTools
0x00007ff80a6d5000 	/System/Library/PrivateFrameworks/AggregateDictionary.framework/Versions/A/AggregateDictionary
0x00007ff80c813000 	/usr/lib/libIOReport.dylib
0x00007ffa1a375000 	/System/Library/Frameworks/OpenCL.framework/Versions/A/OpenCL
0x00007ff80cb77000 	/System/Library/PrivateFrameworks/FaceCore.framework/Versions/A/FaceCore
0x00007ff80cb68000 	/System/Library/PrivateFrameworks/GraphVisualizer.framework/Versions/A/GraphVisualizer
0x00007ffb04ce8000 	/System/Library/PrivateFrameworks/FontServices.framework/Versions/A/FontServices
0x00007ff80cf94000 	/System/Library/PrivateFrameworks/OTSVG.framework/Versions/A/OTSVG
0x00007ff8084b8000 	/System/Library/Frameworks/ApplicationServices.framework/Versions/A/Frameworks/ATS.framework/Versions/A/Resources/libFontRegistry.dylib
0x00007ff80cfe5000 	/System/Library/PrivateFrameworks/FontServices.framework/libhvf.dylib
0x00007ffb04ce9000 	/System/Library/PrivateFrameworks/FontServices.framework/libXTFontStaticRegistryData.dylib
0x00007ff80c9e1000 	/System/Library/PrivateFrameworks/AppleVA.framework/Versions/A/AppleVA
0x00007ff80eb02000 	/System/Library/Frameworks/ApplicationServices.framework/Versions/A/Frameworks/ATS.framework/Versions/A/ATS
0x00007ff806b88000 	/System/Library/Frameworks/ApplicationServices.framework/Versions/A/Frameworks/HIServices.framework/Versions/A/HIServices
0x00007ff80dadd000 	/System/Library/Frameworks/ApplicationServices.framework/Versions/A/Frameworks/PrintCore.framework/Versions/A/PrintCore
0x00007ff80ee86000 	/System/Library/Frameworks/ApplicationServices.framework/Versions/A/Frameworks/QD.framework/Versions/A/QD
0x00007ff80ee7e000 	/System/Library/Frameworks/ApplicationServices.framework/Versions/A/Frameworks/ColorSyncLegacy.framework/Versions/A/ColorSyncLegacy
0x00007ff80eaf2000 	/System/Library/Frameworks/ApplicationServices.framework/Versions/A/Frameworks/SpeechSynthesis.framework/Versions/A/SpeechSynthesis
0x00007ff80da9e000 	/System/Library/Frameworks/ApplicationServices.framework/Versions/A/Frameworks/ATSUI.framework/Versions/A/ATSUI
0x00007ff80ee13000 	/usr/lib/libcups.2.dylib
0x00007ff80f1d6000 	/System/Library/Frameworks/Kerberos.framework/Versions/A/Kerberos
0x00007ff80f1e5000 	/System/Library/Frameworks/GSS.framework/Versions/A/GSS
0x00007ff80eb6e000 	/usr/lib/libresolv.9.dylib
0x00007ff80cff4000 	/System/Library/PrivateFrameworks/Heimdal.framework/Versions/A/Heimdal
0x00007ff815cce000 	/System/Library/Frameworks/Kerberos.framework/Versions/A/Libraries/libHeimdalProxy.dylib
0x00007ff80785a000 	/System/Library/Frameworks/Network.framework/Versions/A/Network
0x00007ff80ca4b000 	/usr/lib/libheimdal-asn1.dylib
0x00007ff80f231000 	/System/Library/PrivateFrameworks/CommonAuth.framework/Versions/A/CommonAuth
0x00007ff80ea6f000 	/System/Library/PrivateFrameworks/AudioSession.framework/Versions/A/AudioSession
0x00007ff80cadb000 	/System/Library/PrivateFrameworks/MediaExperience.framework/Versions/A/MediaExperience
0x00007ff80e903000 	/System/Library/PrivateFrameworks/AudioSession.framework/libSessionUtility.dylib
0x00007ff80ee92000 	/System/Library/PrivateFrameworks/AudioResourceArbitration.framework/Versions/A/AudioResourceArbitration
0x00007ff812e83000 	/System/Library/PrivateFrameworks/PowerLog.framework/Versions/A/PowerLog
0x00007ff80ca54000 	/System/Library/PrivateFrameworks/IconFoundation.framework/Versions/A/IconFoundation
0x00007ff811c9d000 	/System/Library/PrivateFrameworks/SpeechRecognitionCore.framework/Versions/A/SpeechRecognitionCore
0x000000010ba79000 	/Library/Java/JavaVirtualMachines/jdk-11.0.9.jdk/Contents/Home/lib/server/libjvm.dylib
0x000000010ad00000 	/Library/Java/JavaVirtualMachines/jdk-11.0.9.jdk/Contents/Home/lib/libverify.dylib
0x000000010ad3c000 	/Library/Java/JavaVirtualMachines/jdk-11.0.9.jdk/Contents/Home/lib/libjava.dylib
0x000000010ad10000 	/Library/Java/JavaVirtualMachines/jdk-11.0.9.jdk/Contents/Home/lib/libjimage.dylib
0x000000010ad1c000 	/Library/Java/JavaVirtualMachines/jdk-11.0.9.jdk/Contents/Home/lib/libinstrument.dylib
0x000000010ada8000 	/Library/Java/JavaVirtualMachines/jdk-11.0.9.jdk/Contents/Home/lib/libzip.dylib
0x000000010b82d000 	/Library/Java/JavaVirtualMachines/jdk-11.0.9.jdk/Contents/Home/lib/libnio.dylib
0x000000010b859000 	/Library/Java/JavaVirtualMachines/jdk-11.0.9.jdk/Contents/Home/lib/libnet.dylib
0x000000010f44d000 	/Users/fspiri/.openjfx/cache/17.0.0.1/libprism_es2.dylib
0x00007ff8039b9000 	/System/Library/PrivateFrameworks/CoreServicesInternal.framework/Versions/A/CoreServicesInternal
0x00007ffa18f71000 	/System/Library/Frameworks/OpenGL.framework/Versions/A/Resources/GLEngine.bundle/GLEngine
0x00007ffa18dd3000 	/System/Library/Frameworks/OpenGL.framework/Versions/A/Libraries/libGLProgrammability.dylib
0x00007ffa0d19c000 	/System/Library/Extensions/AppleIntelKBLGraphicsGLDriver.bundle/Contents/MacOS/AppleIntelKBLGraphicsGLDriver
0x00007ff910766000 	/System/Library/PrivateFrameworks/GPUSupport.framework/Versions/A/Libraries/libGPUSupportMercury.dylib
0x00007ffa19100000 	/System/Library/Frameworks/OpenGL.framework/Versions/A/Resources/GLRendererFloat.bundle/GLRendererFloat
0x000000010f93d000 	/Users/fspiri/.openjfx/cache/17.0.0.1/libglass.dylib
0x00007ff813474000 	/System/Library/Frameworks/FileProvider.framework/Versions/A/FileProvider
0x00007ff807639000 	/System/Library/Frameworks/Accounts.framework/Versions/A/Accounts
0x00007ff8135eb000 	/System/Library/PrivateFrameworks/GenerationalStorage.framework/Versions/A/GenerationalStorage
0x00007ff8140fd000 	/System/Library/PrivateFrameworks/CoreSymbolication.framework/Versions/A/CoreSymbolication
0x00007ff812e78000 	/System/Library/PrivateFrameworks/SymptomDiagnosticReporter.framework/Versions/A/SymptomDiagnosticReporter
0x00007ff804c7a000 	/System/Library/PrivateFrameworks/DesktopServicesPriv.framework/Versions/A/DesktopServicesPriv
0x00007ff803afa000 	/usr/lib/libsandbox.1.dylib
0x00007ff80894f000 	/System/Library/PrivateFrameworks/UserManagement.framework/Versions/A/UserManagement
0x00007ff8140c2000 	/System/Library/PrivateFrameworks/DebugSymbols.framework/Versions/A/DebugSymbols
0x00007ff80ee73000 	/System/Library/PrivateFrameworks/NetAuth.framework/Versions/A/NetAuth
0x00007ff80fd61000 	/System/Library/PrivateFrameworks/Sharing.framework/Versions/A/Sharing
0x00007ff808922000 	/System/Library/PrivateFrameworks/login.framework/Versions/A/Frameworks/loginsupport.framework/Versions/A/loginsupport
0x00007ff815202000 	/System/Library/PrivateFrameworks/Apple80211.framework/Versions/A/Apple80211
0x00007ff80bb03000 	/System/Library/PrivateFrameworks/AuthKit.framework/Versions/A/AuthKit
0x00007ff80b15d000 	/System/Library/PrivateFrameworks/CoreUtils.framework/Versions/A/CoreUtils
0x00007ff80b084000 	/System/Library/Frameworks/CoreWLAN.framework/Versions/A/CoreWLAN
0x00007ff80febc000 	/System/Library/Frameworks/IOBluetooth.framework/Versions/A/IOBluetooth
0x00007ff81526a000 	/System/Library/PrivateFrameworks/CoreWiFi.framework/Versions/A/CoreWiFi
0x00007ff813c97000 	/System/Library/PrivateFrameworks/FrontBoardServices.framework/Versions/A/FrontBoardServices
0x00007ff813d29000 	/System/Library/PrivateFrameworks/BoardServices.framework/Versions/A/BoardServices
0x00007ff80b377000 	/System/Library/PrivateFrameworks/AssertionServices.framework/Versions/A/AssertionServices
0x00007ff8153ee000 	/System/Library/PrivateFrameworks/BackBoardServices.framework/Versions/A/BackBoardServices
0x00007ff80f2c0000 	/System/Library/PrivateFrameworks/CorePhoneNumbers.framework/Versions/A/CorePhoneNumbers
0x00007ff812f95000 	/System/Library/PrivateFrameworks/DiskManagement.framework/Versions/A/DiskManagement
0x00007ff812ea9000 	/System/Library/PrivateFrameworks/AppleIDAuthSupport.framework/Versions/A/AppleIDAuthSupport
0x00007ffa1f8ed000 	/System/Library/PrivateFrameworks/AAAFoundation.framework/Versions/A/AAAFoundation
0x00007ff80f2a1000 	/System/Library/PrivateFrameworks/KeychainCircle.framework/Versions/A/KeychainCircle
0x00007ff812f61000 	/System/Library/PrivateFrameworks/MediaKit.framework/Versions/A/MediaKit
0x00007ff812eb5000 	/System/Library/Frameworks/DiscRecording.framework/Versions/A/DiscRecording
0x00007ff80c959000 	/usr/lib/libCoreStorage.dylib
0x00007ff8156dd000 	/usr/lib/libcsfde.dylib
0x00007ff80ff89000 	/System/Library/PrivateFrameworks/ProtectedCloudStorage.framework/Versions/A/ProtectedCloudStorage
0x00007ff8156d9000 	/System/Library/PrivateFrameworks/EFILogin.framework/Versions/A/EFILogin
0x00007ff813611000 	/System/Library/PrivateFrameworks/OctagonTrust.framework/Versions/A/OctagonTrust
0x00007ffb0400a000 	/System/Library/PrivateFrameworks/CoreUtilsExtras.framework/Versions/A/CoreUtilsExtras
0x00007ff812deb000 	/System/Library/Frameworks/CoreBluetooth.framework/Versions/A/CoreBluetooth
0x00007ff815d53000 	/System/Library/Frameworks/AudioUnit.framework/Versions/A/AudioUnit
0x00007ff80c951000 	/usr/lib/libMatch.1.dylib
0x00007ff90acec000 	/System/Library/Frameworks/Accelerate.framework/Versions/A/Frameworks/vImage.framework/Versions/A/Libraries/libCGInterfaces.dylib
0x000000010fbee000 	/usr/lib/libobjc-trampolines.dylib
0x00007ff808648000 	/System/Library/PrivateFrameworks/ViewBridge.framework/Versions/A/ViewBridge


VM Arguments:
jvm_args: -javaagent:/Users/fspiri/Library/Application Support/JetBrains/Toolbox/apps/IDEA-U/ch-0/213.5744.223/IntelliJ IDEA.app/Contents/lib/idea_rt.jar=53992:/Users/fspiri/Library/Application Support/JetBrains/Toolbox/apps/IDEA-U/ch-0/213.5744.223/IntelliJ IDEA.app/Contents/bin -Dfile.encoding=UTF-8 --module-path=/Users/fspiri/.m2/repository/org/openjfx/javafx-controls/17.0.0.1/javafx-controls-17.0.0.1-mac.jar:/Users/fspiri/.m2/repository/org/openjfx/javafx-graphics/17.0.0.1/javafx-graphics-17.0.0.1-mac.jar:/Users/fspiri/.m2/repository/org/openjfx/javafx-base/17.0.0.1/javafx-base-17.0.0.1-mac.jar:/Users/fspiri/.m2/repository/org/ejml/ejml-all/0.41/ejml-all-0.41.jar:/Users/fspiri/Documents/Io/ProgettiFF/experiment01/target/classes -Djdk.module.main=org.experiment 
java_command: org.experiment/org.experiment.App
java_class_path (initial): /Users/fspiri/.m2/repository/org/openjfx/javafx-controls/17.0.0.1/javafx-controls-17.0.0.1.jar:/Users/fspiri/.m2/repository/org/openjfx/javafx-graphics/17.0.0.1/javafx-graphics-17.0.0.1.jar:/Users/fspiri/.m2/repository/org/openjfx/javafx-base/17.0.0.1/javafx-base-17.0.0.1.jar:/Users/fspiri/Documents/Libraries/ejml
Launcher Type: SUN_STANDARD

[Global flags]
     intx CICompilerCount                          = 4                                         {product} {ergonomic}
     uint ConcGCThreads                            = 2                                         {product} {ergonomic}
     uint G1ConcRefinementThreads                  = 8                                         {product} {ergonomic}
   size_t G1HeapRegionSize                         = 1048576                                   {product} {ergonomic}
    uintx GCDrainStackTargetSize                   = 64                                        {product} {ergonomic}
   size_t InitialHeapSize                          = 134217728                                 {product} {ergonomic}
   size_t MarkStackSize                            = 4194304                                   {product} {ergonomic}
   size_t MaxHeapSize                              = 2147483648                                {product} {ergonomic}
   size_t MaxNewSize                               = 1287651328                                {product} {ergonomic}
   size_t MinHeapDeltaBytes                        = 1048576                                   {product} {ergonomic}
    uintx NonNMethodCodeHeapSize                   = 5836300                                {pd product} {ergonomic}
    uintx NonProfiledCodeHeapSize                  = 122910970                              {pd product} {ergonomic}
    uintx ProfiledCodeHeapSize                     = 122910970                              {pd product} {ergonomic}
    uintx ReservedCodeCacheSize                    = 251658240                              {pd product} {ergonomic}
     bool SegmentedCodeCache                       = true                                      {product} {ergonomic}
     bool UseCompressedClassPointers               = true                                 {lp64_product} {ergonomic}
     bool UseCompressedOops                        = true                                 {lp64_product} {ergonomic}
     bool UseG1GC                                  = true                                      {product} {ergonomic}

Logging:
Log output configuration:
 #0: stdout all=warning uptime,level,tags
 #1: stderr all=off uptime,level,tags

Environment Variables:
PATH=/usr/local/opt/openssl@1.1/bin:/opt/local/bin:/opt/local/sbin:/Library/Frameworks/Python.framework/Versions/3.10/bin:/Library/Frameworks/Python.framework/Versions/3.8/bin:/usr/local/bin:/usr/bin:/bin:/usr/sbin:/sbin:/opt/X11/bin:/Library/Apple/usr/bin
SHELL=/bin/zsh
DISPLAY=/private/tmp/com.apple.launchd.B7nuIBs3LP/org.xquartz:0

Signal Handlers:
SIGSEGV: [libjvm.dylib+0x794d6c], sa_mask[0]=11111111011111110111111111111111, sa_flags=SA_ONSTACK|SA_RESTART|SA_SIGINFO
SIGBUS: [libjvm.dylib+0x794d6c], sa_mask[0]=11111111011111110111111111111111, sa_flags=SA_RESTART|SA_SIGINFO
SIGFPE: [libjvm.dylib+0x794d6c], sa_mask[0]=11111111011111110111111111111111, sa_flags=SA_RESTART|SA_SIGINFO
SIGPIPE: [libjvm.dylib+0x6457fb], sa_mask[0]=11111111011111110111111111111111, sa_flags=SA_RESTART|SA_SIGINFO
SIGXFSZ: [libjvm.dylib+0x6457fb], sa_mask[0]=11111111011111110111111111111111, sa_flags=SA_RESTART|SA_SIGINFO
SIGILL: [libjvm.dylib+0x794d6c], sa_mask[0]=11111111011111110111111111111111, sa_flags=SA_RESTART|SA_SIGINFO
SIGUSR2: [libjvm.dylib+0x645de5], sa_mask[0]=00100000000000000000000000000000, sa_flags=SA_RESTART|SA_SIGINFO
SIGHUP: [libjvm.dylib+0x644843], sa_mask[0]=11111111011111110111111111111111, sa_flags=SA_RESTART|SA_SIGINFO
SIGINT: [libjvm.dylib+0x644843], sa_mask[0]=11111111011111110111111111111111, sa_flags=SA_RESTART|SA_SIGINFO
SIGTERM: [libjvm.dylib+0x644843], sa_mask[0]=11111111011111110111111111111111, sa_flags=SA_RESTART|SA_SIGINFO
SIGQUIT: [libjvm.dylib+0x644843], sa_mask[0]=11111111011111110111111111111111, sa_flags=SA_RESTART|SA_SIGINFO


---------------  S Y S T E M  ---------------

OS:uname:Darwin 21.2.0 Darwin Kernel Version 21.2.0: Sun Nov 28 20:28:54 PST 2021; root:xnu-8019.61.5~1/RELEASE_X86_64 x86_64
rlimit: STACK 8192k, CORE 0k, NPROC 1392, NOFILE 10240, AS infinity, DATA infinity, FSIZE infinity
load average:2.27 2.90 2.73

CPU:total 8 (initial active 8) (4 cores per cpu, 2 threads per core) family 6 model 142 stepping 10, cmov, cx8, fxsr, mmx, sse, sse2, sse3, ssse3, sse4.1, sse4.2, popcnt, avx, avx2, aes, clmul, erms, 3dnowpref, lzcnt, ht, tsc, tscinvbit, bmi1, bmi2, adx, fma

Memory: 4k page, physical 8388608k(73472k free)

vm_info: Java HotSpot(TM) 64-Bit Server VM (11.0.9+7-LTS) for bsd-amd64 JRE (11.0.9+7-LTS), built on Sep 15 2020 15:57:40 by "mach5one" with gcc 4.2.1 Compatible Apple LLVM 10.0.0 (clang-1000.11.45.5)

END.
